[2024-10-21T22:08:39.839+0000] {local_task_job_runner.py:123} INFO - ::group::Pre task execution logs
[2024-10-21T22:08:39.846+0000] {taskinstance.py:2612} INFO - Dependencies all met for dep_context=non-requeueable deps ti=<TaskInstance: newsapi_etl_with_spark.extract_news scheduled__2024-10-20T00:00:00+00:00 [queued]>
[2024-10-21T22:08:39.850+0000] {taskinstance.py:2612} INFO - Dependencies all met for dep_context=requeueable deps ti=<TaskInstance: newsapi_etl_with_spark.extract_news scheduled__2024-10-20T00:00:00+00:00 [queued]>
[2024-10-21T22:08:39.850+0000] {taskinstance.py:2865} INFO - Starting attempt 1 of 2
[2024-10-21T22:08:39.856+0000] {taskinstance.py:2888} INFO - Executing <Task(_PythonDecoratedOperator): extract_news> on 2024-10-20 00:00:00+00:00
[2024-10-21T22:08:39.858+0000] {standard_task_runner.py:72} INFO - Started process 173 to run task
[2024-10-21T22:08:39.860+0000] {standard_task_runner.py:104} INFO - Running: ['***', 'tasks', 'run', 'newsapi_etl_with_spark', 'extract_news', 'scheduled__2024-10-20T00:00:00+00:00', '--job-id', '30', '--raw', '--subdir', 'DAGS_FOLDER/newsapi_etl_pipeline.py', '--cfg-path', '/tmp/tmp55h465cy']
[2024-10-21T22:08:39.861+0000] {standard_task_runner.py:105} INFO - Job 30: Subtask extract_news
[2024-10-21T22:08:39.880+0000] {task_command.py:467} INFO - Running <TaskInstance: newsapi_etl_with_spark.extract_news scheduled__2024-10-20T00:00:00+00:00 [running]> on host 17bb0edcf65f
[2024-10-21T22:08:39.912+0000] {taskinstance.py:3131} INFO - Exporting env vars: AIRFLOW_CTX_DAG_OWNER='***' AIRFLOW_CTX_DAG_ID='newsapi_etl_with_spark' AIRFLOW_CTX_TASK_ID='extract_news' AIRFLOW_CTX_EXECUTION_DATE='2024-10-20T00:00:00+00:00' AIRFLOW_CTX_TRY_NUMBER='1' AIRFLOW_CTX_DAG_RUN_ID='scheduled__2024-10-20T00:00:00+00:00'
[2024-10-21T22:08:39.912+0000] {taskinstance.py:731} INFO - ::endgroup::
[2024-10-21T22:08:44.446+0000] {python.py:240} INFO - Done. Returned value was: /opt/***/data/news_articles.json
[2024-10-21T22:08:44.454+0000] {taskinstance.py:340} INFO - ::group::Post task execution logs
[2024-10-21T22:08:44.455+0000] {taskinstance.py:352} INFO - Marking task as SUCCESS. dag_id=newsapi_etl_with_spark, task_id=extract_news, run_id=scheduled__2024-10-20T00:00:00+00:00, execution_date=20241020T000000, start_date=20241021T220839, end_date=20241021T220844
[2024-10-21T22:08:44.484+0000] {local_task_job_runner.py:266} INFO - Task exited with return code 0
[2024-10-21T22:08:44.497+0000] {taskinstance.py:3900} INFO - 1 downstream tasks scheduled from follow-on schedule check
[2024-10-21T22:08:44.499+0000] {local_task_job_runner.py:245} INFO - ::endgroup::
[2024-10-21T22:09:10.199+0000] {local_task_job_runner.py:123} INFO - ::group::Pre task execution logs
[2024-10-21T22:09:10.205+0000] {taskinstance.py:2612} INFO - Dependencies all met for dep_context=non-requeueable deps ti=<TaskInstance: newsapi_etl_with_spark.extract_news scheduled__2024-10-20T00:00:00+00:00 [queued]>
[2024-10-21T22:09:10.208+0000] {taskinstance.py:2612} INFO - Dependencies all met for dep_context=requeueable deps ti=<TaskInstance: newsapi_etl_with_spark.extract_news scheduled__2024-10-20T00:00:00+00:00 [queued]>
[2024-10-21T22:09:10.208+0000] {taskinstance.py:2865} INFO - Starting attempt 1 of 2
[2024-10-21T22:09:10.214+0000] {taskinstance.py:2888} INFO - Executing <Task(_PythonDecoratedOperator): extract_news> on 2024-10-20 00:00:00+00:00
[2024-10-21T22:09:10.216+0000] {standard_task_runner.py:72} INFO - Started process 459 to run task
[2024-10-21T22:09:10.218+0000] {standard_task_runner.py:104} INFO - Running: ['***', 'tasks', 'run', 'newsapi_etl_with_spark', 'extract_news', 'scheduled__2024-10-20T00:00:00+00:00', '--job-id', '34', '--raw', '--subdir', 'DAGS_FOLDER/newsapi_etl_pipeline.py', '--cfg-path', '/tmp/tmpektbrymf']
[2024-10-21T22:09:10.219+0000] {standard_task_runner.py:105} INFO - Job 34: Subtask extract_news
[2024-10-21T22:09:10.237+0000] {task_command.py:467} INFO - Running <TaskInstance: newsapi_etl_with_spark.extract_news scheduled__2024-10-20T00:00:00+00:00 [running]> on host 17bb0edcf65f
[2024-10-21T22:09:10.267+0000] {taskinstance.py:3131} INFO - Exporting env vars: AIRFLOW_CTX_DAG_OWNER='***' AIRFLOW_CTX_DAG_ID='newsapi_etl_with_spark' AIRFLOW_CTX_TASK_ID='extract_news' AIRFLOW_CTX_EXECUTION_DATE='2024-10-20T00:00:00+00:00' AIRFLOW_CTX_TRY_NUMBER='1' AIRFLOW_CTX_DAG_RUN_ID='scheduled__2024-10-20T00:00:00+00:00'
[2024-10-21T22:09:10.267+0000] {taskinstance.py:731} INFO - ::endgroup::
[2024-10-21T22:09:10.850+0000] {python.py:240} INFO - Done. Returned value was: /opt/***/data/news_articles.json
[2024-10-21T22:09:10.879+0000] {taskinstance.py:340} INFO - ::group::Post task execution logs
[2024-10-21T22:09:10.880+0000] {taskinstance.py:352} INFO - Marking task as SUCCESS. dag_id=newsapi_etl_with_spark, task_id=extract_news, run_id=scheduled__2024-10-20T00:00:00+00:00, execution_date=20241020T000000, start_date=20241021T220910, end_date=20241021T220910
[2024-10-21T22:09:10.900+0000] {local_task_job_runner.py:266} INFO - Task exited with return code 0
[2024-10-21T22:09:10.922+0000] {taskinstance.py:3900} INFO - 1 downstream tasks scheduled from follow-on schedule check
[2024-10-21T22:09:10.924+0000] {local_task_job_runner.py:245} INFO - ::endgroup::
[2024-10-21T22:10:41.407+0000] {local_task_job_runner.py:123} INFO - ::group::Pre task execution logs
[2024-10-21T22:10:41.412+0000] {taskinstance.py:2612} INFO - Dependencies all met for dep_context=non-requeueable deps ti=<TaskInstance: newsapi_etl_with_spark.extract_news scheduled__2024-10-20T00:00:00+00:00 [queued]>
[2024-10-21T22:10:41.416+0000] {taskinstance.py:2612} INFO - Dependencies all met for dep_context=requeueable deps ti=<TaskInstance: newsapi_etl_with_spark.extract_news scheduled__2024-10-20T00:00:00+00:00 [queued]>
[2024-10-21T22:10:41.417+0000] {taskinstance.py:2865} INFO - Starting attempt 1 of 2
[2024-10-21T22:10:41.424+0000] {taskinstance.py:2888} INFO - Executing <Task(_PythonDecoratedOperator): extract_news> on 2024-10-20 00:00:00+00:00
[2024-10-21T22:10:41.426+0000] {standard_task_runner.py:72} INFO - Started process 619 to run task
[2024-10-21T22:10:41.428+0000] {standard_task_runner.py:104} INFO - Running: ['***', 'tasks', 'run', 'newsapi_etl_with_spark', 'extract_news', 'scheduled__2024-10-20T00:00:00+00:00', '--job-id', '36', '--raw', '--subdir', 'DAGS_FOLDER/newsapi_etl_pipeline.py', '--cfg-path', '/tmp/tmphhuhwviy']
[2024-10-21T22:10:41.428+0000] {standard_task_runner.py:105} INFO - Job 36: Subtask extract_news
[2024-10-21T22:10:41.444+0000] {task_command.py:467} INFO - Running <TaskInstance: newsapi_etl_with_spark.extract_news scheduled__2024-10-20T00:00:00+00:00 [running]> on host 17bb0edcf65f
[2024-10-21T22:10:41.471+0000] {taskinstance.py:3131} INFO - Exporting env vars: AIRFLOW_CTX_DAG_OWNER='***' AIRFLOW_CTX_DAG_ID='newsapi_etl_with_spark' AIRFLOW_CTX_TASK_ID='extract_news' AIRFLOW_CTX_EXECUTION_DATE='2024-10-20T00:00:00+00:00' AIRFLOW_CTX_TRY_NUMBER='1' AIRFLOW_CTX_DAG_RUN_ID='scheduled__2024-10-20T00:00:00+00:00'
[2024-10-21T22:10:41.471+0000] {taskinstance.py:731} INFO - ::endgroup::
[2024-10-21T22:10:46.797+0000] {python.py:240} INFO - Done. Returned value was: /opt/***/data/news_articles.json
[2024-10-21T22:10:46.824+0000] {taskinstance.py:340} INFO - ::group::Post task execution logs
[2024-10-21T22:10:46.824+0000] {taskinstance.py:352} INFO - Marking task as SUCCESS. dag_id=newsapi_etl_with_spark, task_id=extract_news, run_id=scheduled__2024-10-20T00:00:00+00:00, execution_date=20241020T000000, start_date=20241021T221041, end_date=20241021T221046
[2024-10-21T22:10:46.873+0000] {local_task_job_runner.py:266} INFO - Task exited with return code 0
[2024-10-21T22:10:46.890+0000] {taskinstance.py:3900} INFO - 1 downstream tasks scheduled from follow-on schedule check
[2024-10-21T22:10:46.892+0000] {local_task_job_runner.py:245} INFO - ::endgroup::
[2024-10-21T22:11:42.119+0000] {local_task_job_runner.py:123} INFO - ::group::Pre task execution logs
[2024-10-21T22:11:42.124+0000] {taskinstance.py:2612} INFO - Dependencies all met for dep_context=non-requeueable deps ti=<TaskInstance: newsapi_etl_with_spark.extract_news scheduled__2024-10-20T00:00:00+00:00 [queued]>
[2024-10-21T22:11:42.127+0000] {taskinstance.py:2612} INFO - Dependencies all met for dep_context=requeueable deps ti=<TaskInstance: newsapi_etl_with_spark.extract_news scheduled__2024-10-20T00:00:00+00:00 [queued]>
[2024-10-21T22:11:42.127+0000] {taskinstance.py:2865} INFO - Starting attempt 1 of 2
[2024-10-21T22:11:42.133+0000] {taskinstance.py:2888} INFO - Executing <Task(_PythonDecoratedOperator): extract_news> on 2024-10-20 00:00:00+00:00
[2024-10-21T22:11:42.134+0000] {standard_task_runner.py:72} INFO - Started process 915 to run task
[2024-10-21T22:11:42.136+0000] {standard_task_runner.py:104} INFO - Running: ['***', 'tasks', 'run', 'newsapi_etl_with_spark', 'extract_news', 'scheduled__2024-10-20T00:00:00+00:00', '--job-id', '40', '--raw', '--subdir', 'DAGS_FOLDER/newsapi_etl_pipeline.py', '--cfg-path', '/tmp/tmp_l47skcq']
[2024-10-21T22:11:42.137+0000] {standard_task_runner.py:105} INFO - Job 40: Subtask extract_news
[2024-10-21T22:11:42.151+0000] {task_command.py:467} INFO - Running <TaskInstance: newsapi_etl_with_spark.extract_news scheduled__2024-10-20T00:00:00+00:00 [running]> on host 17bb0edcf65f
[2024-10-21T22:11:42.177+0000] {taskinstance.py:3131} INFO - Exporting env vars: AIRFLOW_CTX_DAG_OWNER='***' AIRFLOW_CTX_DAG_ID='newsapi_etl_with_spark' AIRFLOW_CTX_TASK_ID='extract_news' AIRFLOW_CTX_EXECUTION_DATE='2024-10-20T00:00:00+00:00' AIRFLOW_CTX_TRY_NUMBER='1' AIRFLOW_CTX_DAG_RUN_ID='scheduled__2024-10-20T00:00:00+00:00'
[2024-10-21T22:11:42.177+0000] {taskinstance.py:731} INFO - ::endgroup::
[2024-10-21T22:11:43.620+0000] {python.py:240} INFO - Done. Returned value was: /opt/***/data/news_articles.json
[2024-10-21T22:11:43.628+0000] {taskinstance.py:340} INFO - ::group::Post task execution logs
[2024-10-21T22:11:43.628+0000] {taskinstance.py:352} INFO - Marking task as SUCCESS. dag_id=newsapi_etl_with_spark, task_id=extract_news, run_id=scheduled__2024-10-20T00:00:00+00:00, execution_date=20241020T000000, start_date=20241021T221142, end_date=20241021T221143
[2024-10-21T22:11:43.664+0000] {local_task_job_runner.py:266} INFO - Task exited with return code 0
[2024-10-21T22:11:43.675+0000] {taskinstance.py:3900} INFO - 1 downstream tasks scheduled from follow-on schedule check
[2024-10-21T22:11:43.676+0000] {local_task_job_runner.py:245} INFO - ::endgroup::
