[2024-10-21T22:11:25.818+0000] {local_task_job_runner.py:123} INFO - ::group::Pre task execution logs
[2024-10-21T22:11:25.824+0000] {taskinstance.py:2612} INFO - Dependencies all met for dep_context=non-requeueable deps ti=<TaskInstance: newsapi_etl_with_spark.spark_submit_task manual__2024-10-21T22:11:22.958582+00:00 [queued]>
[2024-10-21T22:11:25.827+0000] {taskinstance.py:2612} INFO - Dependencies all met for dep_context=requeueable deps ti=<TaskInstance: newsapi_etl_with_spark.spark_submit_task manual__2024-10-21T22:11:22.958582+00:00 [queued]>
[2024-10-21T22:11:25.828+0000] {taskinstance.py:2865} INFO - Starting attempt 1 of 2
[2024-10-21T22:11:25.835+0000] {taskinstance.py:2888} INFO - Executing <Task(SparkSubmitOperator): spark_submit_task> on 2024-10-21 22:11:22.958582+00:00
[2024-10-21T22:11:25.837+0000] {standard_task_runner.py:72} INFO - Started process 767 to run task
[2024-10-21T22:11:25.840+0000] {standard_task_runner.py:104} INFO - Running: ['***', 'tasks', 'run', 'newsapi_etl_with_spark', 'spark_submit_task', 'manual__2024-10-21T22:11:22.958582+00:00', '--job-id', '39', '--raw', '--subdir', 'DAGS_FOLDER/newsapi_etl_pipeline.py', '--cfg-path', '/tmp/tmptieqkowa']
[2024-10-21T22:11:25.841+0000] {standard_task_runner.py:105} INFO - Job 39: Subtask spark_submit_task
[2024-10-21T22:11:25.859+0000] {task_command.py:467} INFO - Running <TaskInstance: newsapi_etl_with_spark.spark_submit_task manual__2024-10-21T22:11:22.958582+00:00 [running]> on host 17bb0edcf65f
[2024-10-21T22:11:25.893+0000] {taskinstance.py:3131} INFO - Exporting env vars: AIRFLOW_CTX_DAG_OWNER='***' AIRFLOW_CTX_DAG_ID='newsapi_etl_with_spark' AIRFLOW_CTX_TASK_ID='spark_submit_task' AIRFLOW_CTX_EXECUTION_DATE='2024-10-21T22:11:22.958582+00:00' AIRFLOW_CTX_TRY_NUMBER='1' AIRFLOW_CTX_DAG_RUN_ID='manual__2024-10-21T22:11:22.958582+00:00'
[2024-10-21T22:11:25.894+0000] {taskinstance.py:731} INFO - ::endgroup::
[2024-10-21T22:11:25.898+0000] {base.py:84} INFO - Retrieving connection 'spark_conn'
[2024-10-21T22:11:25.898+0000] {spark_submit.py:473} INFO - Spark-Submit cmd: spark-submit --master spark://spark-master:7077 --conf spark.ui.port=4050 --conf spark.executor.instances=3 --conf spark.executor.memory=5g --conf spark.executor.cores=2 --conf spark.driver.memory=4g --conf spark.driver.cores=2 --conf spark.default.parallelism=12 --conf spark.serializer=org.apache.spark.serializer.KryoSerializer --conf spark.sql.shuffle.partitions=12 --conf spark.dynamicAllocation.enabled=true --conf spark.dynamicAllocation.minExecutors=3 --conf spark.dynamicAllocation.maxExecutors=6 --conf spark.executor.memoryOverhead=1024m --name LDA_Job --verbose --deploy-mode client /opt/***/scripts/news_processing.py
[2024-10-21T22:11:26.411+0000] {spark_submit.py:649} INFO - Using properties file: null
[2024-10-21T22:11:26.455+0000] {spark_submit.py:649} INFO - Parsed arguments:
[2024-10-21T22:11:26.455+0000] {spark_submit.py:649} INFO - master                  spark://spark-master:7077
[2024-10-21T22:11:26.455+0000] {spark_submit.py:649} INFO - remote                  null
[2024-10-21T22:11:26.456+0000] {spark_submit.py:649} INFO - deployMode              client
[2024-10-21T22:11:26.456+0000] {spark_submit.py:649} INFO - executorMemory          5g
[2024-10-21T22:11:26.456+0000] {spark_submit.py:649} INFO - executorCores           2
[2024-10-21T22:11:26.456+0000] {spark_submit.py:649} INFO - totalExecutorCores      null
[2024-10-21T22:11:26.456+0000] {spark_submit.py:649} INFO - propertiesFile          null
[2024-10-21T22:11:26.457+0000] {spark_submit.py:649} INFO - driverMemory            4g
[2024-10-21T22:11:26.457+0000] {spark_submit.py:649} INFO - driverCores             2
[2024-10-21T22:11:26.457+0000] {spark_submit.py:649} INFO - driverExtraClassPath    null
[2024-10-21T22:11:26.457+0000] {spark_submit.py:649} INFO - driverExtraLibraryPath  null
[2024-10-21T22:11:26.457+0000] {spark_submit.py:649} INFO - driverExtraJavaOptions  null
[2024-10-21T22:11:26.457+0000] {spark_submit.py:649} INFO - supervise               false
[2024-10-21T22:11:26.457+0000] {spark_submit.py:649} INFO - queue                   null
[2024-10-21T22:11:26.458+0000] {spark_submit.py:649} INFO - numExecutors            3
[2024-10-21T22:11:26.458+0000] {spark_submit.py:649} INFO - files                   null
[2024-10-21T22:11:26.458+0000] {spark_submit.py:649} INFO - pyFiles                 null
[2024-10-21T22:11:26.458+0000] {spark_submit.py:649} INFO - archives                null
[2024-10-21T22:11:26.459+0000] {spark_submit.py:649} INFO - mainClass               null
[2024-10-21T22:11:26.459+0000] {spark_submit.py:649} INFO - primaryResource         file:/opt/***/scripts/news_processing.py
[2024-10-21T22:11:26.459+0000] {spark_submit.py:649} INFO - name                    LDA_Job
[2024-10-21T22:11:26.459+0000] {spark_submit.py:649} INFO - childArgs               []
[2024-10-21T22:11:26.460+0000] {spark_submit.py:649} INFO - jars                    null
[2024-10-21T22:11:26.460+0000] {spark_submit.py:649} INFO - packages                null
[2024-10-21T22:11:26.460+0000] {spark_submit.py:649} INFO - packagesExclusions      null
[2024-10-21T22:11:26.460+0000] {spark_submit.py:649} INFO - repositories            null
[2024-10-21T22:11:26.460+0000] {spark_submit.py:649} INFO - verbose                 true
[2024-10-21T22:11:26.461+0000] {spark_submit.py:649} INFO - 
[2024-10-21T22:11:26.461+0000] {spark_submit.py:649} INFO - Spark properties used, including those specified through
[2024-10-21T22:11:26.461+0000] {spark_submit.py:649} INFO - --conf and those from the properties file null:
[2024-10-21T22:11:26.461+0000] {spark_submit.py:649} INFO - (spark.default.parallelism,12)
[2024-10-21T22:11:26.461+0000] {spark_submit.py:649} INFO - (spark.driver.cores,2)
[2024-10-21T22:11:26.461+0000] {spark_submit.py:649} INFO - (spark.driver.memory,4g)
[2024-10-21T22:11:26.462+0000] {spark_submit.py:649} INFO - (spark.dynamicAllocation.enabled,true)
[2024-10-21T22:11:26.462+0000] {spark_submit.py:649} INFO - (spark.dynamicAllocation.maxExecutors,6)
[2024-10-21T22:11:26.462+0000] {spark_submit.py:649} INFO - (spark.dynamicAllocation.minExecutors,3)
[2024-10-21T22:11:26.462+0000] {spark_submit.py:649} INFO - (spark.executor.cores,2)
[2024-10-21T22:11:26.462+0000] {spark_submit.py:649} INFO - (spark.executor.instances,3)
[2024-10-21T22:11:26.463+0000] {spark_submit.py:649} INFO - (spark.executor.memory,5g)
[2024-10-21T22:11:26.463+0000] {spark_submit.py:649} INFO - (spark.executor.memoryOverhead,1024m)
[2024-10-21T22:11:26.463+0000] {spark_submit.py:649} INFO - (spark.serializer,org.apache.spark.serializer.KryoSerializer)
[2024-10-21T22:11:26.463+0000] {spark_submit.py:649} INFO - (spark.sql.shuffle.partitions,12)
[2024-10-21T22:11:26.463+0000] {spark_submit.py:649} INFO - (spark.ui.port,4050)
[2024-10-21T22:11:26.463+0000] {spark_submit.py:649} INFO - 
[2024-10-21T22:11:26.464+0000] {spark_submit.py:649} INFO - 
[2024-10-21T22:11:26.558+0000] {spark_submit.py:649} INFO - Main class:
[2024-10-21T22:11:26.559+0000] {spark_submit.py:649} INFO - org.apache.spark.deploy.PythonRunner
[2024-10-21T22:11:26.559+0000] {spark_submit.py:649} INFO - Arguments:
[2024-10-21T22:11:26.559+0000] {spark_submit.py:649} INFO - file:/opt/***/scripts/news_processing.py
[2024-10-21T22:11:26.559+0000] {spark_submit.py:649} INFO - null
[2024-10-21T22:11:26.560+0000] {spark_submit.py:649} INFO - Spark config:
[2024-10-21T22:11:26.560+0000] {spark_submit.py:649} INFO - (spark.app.name,LDA_Job)
[2024-10-21T22:11:26.560+0000] {spark_submit.py:649} INFO - (spark.app.submitTime,1729548686550)
[2024-10-21T22:11:26.560+0000] {spark_submit.py:649} INFO - (spark.default.parallelism,12)
[2024-10-21T22:11:26.560+0000] {spark_submit.py:649} INFO - (spark.driver.cores,2)
[2024-10-21T22:11:26.561+0000] {spark_submit.py:649} INFO - (spark.driver.memory,4g)
[2024-10-21T22:11:26.561+0000] {spark_submit.py:649} INFO - (spark.dynamicAllocation.enabled,true)
[2024-10-21T22:11:26.561+0000] {spark_submit.py:649} INFO - (spark.dynamicAllocation.maxExecutors,6)
[2024-10-21T22:11:26.561+0000] {spark_submit.py:649} INFO - (spark.dynamicAllocation.minExecutors,3)
[2024-10-21T22:11:26.561+0000] {spark_submit.py:649} INFO - (spark.executor.cores,2)
[2024-10-21T22:11:26.562+0000] {spark_submit.py:649} INFO - (spark.executor.instances,3)
[2024-10-21T22:11:26.562+0000] {spark_submit.py:649} INFO - (spark.executor.memory,5g)
[2024-10-21T22:11:26.562+0000] {spark_submit.py:649} INFO - (spark.executor.memoryOverhead,1024m)
[2024-10-21T22:11:26.562+0000] {spark_submit.py:649} INFO - (spark.master,spark://spark-master:7077)
[2024-10-21T22:11:26.562+0000] {spark_submit.py:649} INFO - (spark.serializer,org.apache.spark.serializer.KryoSerializer)
[2024-10-21T22:11:26.563+0000] {spark_submit.py:649} INFO - (spark.sql.shuffle.partitions,12)
[2024-10-21T22:11:26.563+0000] {spark_submit.py:649} INFO - (spark.submit.deployMode,client)
[2024-10-21T22:11:26.563+0000] {spark_submit.py:649} INFO - (spark.submit.pyFiles,)
[2024-10-21T22:11:26.563+0000] {spark_submit.py:649} INFO - (spark.ui.port,4050)
[2024-10-21T22:11:26.563+0000] {spark_submit.py:649} INFO - Classpath elements:
[2024-10-21T22:11:26.564+0000] {spark_submit.py:649} INFO - 
[2024-10-21T22:11:26.564+0000] {spark_submit.py:649} INFO - 
[2024-10-21T22:11:26.564+0000] {spark_submit.py:649} INFO - 
[2024-10-21T22:11:27.214+0000] {spark_submit.py:649} INFO - 24/10/21 22:11:27 INFO SparkContext: Running Spark version 3.5.3
[2024-10-21T22:11:27.214+0000] {spark_submit.py:649} INFO - 24/10/21 22:11:27 INFO SparkContext: OS info Linux, 6.6.22-linuxkit, aarch64
[2024-10-21T22:11:27.215+0000] {spark_submit.py:649} INFO - 24/10/21 22:11:27 INFO SparkContext: Java version 17.0.13
[2024-10-21T22:11:27.236+0000] {spark_submit.py:649} INFO - 24/10/21 22:11:27 WARN NativeCodeLoader: Unable to load native-hadoop library for your platform... using builtin-java classes where applicable
[2024-10-21T22:11:27.270+0000] {spark_submit.py:649} INFO - 24/10/21 22:11:27 INFO ResourceUtils: ==============================================================
[2024-10-21T22:11:27.270+0000] {spark_submit.py:649} INFO - 24/10/21 22:11:27 INFO ResourceUtils: No custom resources configured for spark.driver.
[2024-10-21T22:11:27.270+0000] {spark_submit.py:649} INFO - 24/10/21 22:11:27 INFO ResourceUtils: ==============================================================
[2024-10-21T22:11:27.271+0000] {spark_submit.py:649} INFO - 24/10/21 22:11:27 INFO SparkContext: Submitted application: LDA News Topic Modeling
[2024-10-21T22:11:27.278+0000] {spark_submit.py:649} INFO - 24/10/21 22:11:27 INFO ResourceProfile: Default ResourceProfile created, executor resources: Map(memoryOverhead -> name: memoryOverhead, amount: 1024, script: , vendor: , cores -> name: cores, amount: 2, script: , vendor: , memory -> name: memory, amount: 5120, script: , vendor: , offHeap -> name: offHeap, amount: 0, script: , vendor: ), task resources: Map(cpus -> name: cpus, amount: 1.0)
[2024-10-21T22:11:27.282+0000] {spark_submit.py:649} INFO - 24/10/21 22:11:27 INFO ResourceProfile: Limiting resource is cpus at 2 tasks per executor
[2024-10-21T22:11:27.282+0000] {spark_submit.py:649} INFO - 24/10/21 22:11:27 INFO ResourceProfileManager: Added ResourceProfile id: 0
[2024-10-21T22:11:27.308+0000] {spark_submit.py:649} INFO - 24/10/21 22:11:27 INFO SecurityManager: Changing view acls to: ***
[2024-10-21T22:11:27.309+0000] {spark_submit.py:649} INFO - 24/10/21 22:11:27 INFO SecurityManager: Changing modify acls to: ***
[2024-10-21T22:11:27.312+0000] {spark_submit.py:649} INFO - 24/10/21 22:11:27 INFO SecurityManager: Changing view acls groups to:
[2024-10-21T22:11:27.313+0000] {spark_submit.py:649} INFO - 24/10/21 22:11:27 INFO SecurityManager: Changing modify acls groups to:
[2024-10-21T22:11:27.313+0000] {spark_submit.py:649} INFO - 24/10/21 22:11:27 INFO SecurityManager: SecurityManager: authentication disabled; ui acls disabled; users with view permissions: ***; groups with view permissions: EMPTY; users with modify permissions: ***; groups with modify permissions: EMPTY
[2024-10-21T22:11:27.427+0000] {spark_submit.py:649} INFO - 24/10/21 22:11:27 INFO Utils: Successfully started service 'sparkDriver' on port 40893.
[2024-10-21T22:11:27.440+0000] {spark_submit.py:649} INFO - 24/10/21 22:11:27 INFO SparkEnv: Registering MapOutputTracker
[2024-10-21T22:11:27.458+0000] {spark_submit.py:649} INFO - 24/10/21 22:11:27 INFO SparkEnv: Registering BlockManagerMaster
[2024-10-21T22:11:27.471+0000] {spark_submit.py:649} INFO - 24/10/21 22:11:27 INFO BlockManagerMasterEndpoint: Using org.apache.spark.storage.DefaultTopologyMapper for getting topology information
[2024-10-21T22:11:27.471+0000] {spark_submit.py:649} INFO - 24/10/21 22:11:27 INFO BlockManagerMasterEndpoint: BlockManagerMasterEndpoint up
[2024-10-21T22:11:27.472+0000] {spark_submit.py:649} INFO - 24/10/21 22:11:27 INFO SparkEnv: Registering BlockManagerMasterHeartbeat
[2024-10-21T22:11:27.487+0000] {spark_submit.py:649} INFO - 24/10/21 22:11:27 INFO DiskBlockManager: Created local directory at /tmp/blockmgr-de876253-69f6-4811-8381-64b25a5cc0e7
[2024-10-21T22:11:27.492+0000] {spark_submit.py:649} INFO - 24/10/21 22:11:27 INFO MemoryStore: MemoryStore started with capacity 2.2 GiB
[2024-10-21T22:11:27.498+0000] {spark_submit.py:649} INFO - 24/10/21 22:11:27 INFO SparkEnv: Registering OutputCommitCoordinator
[2024-10-21T22:11:27.549+0000] {spark_submit.py:649} INFO - 24/10/21 22:11:27 INFO JettyUtils: Start Jetty 0.0.0.0:4050 for SparkUI
[2024-10-21T22:11:27.574+0000] {spark_submit.py:649} INFO - 24/10/21 22:11:27 WARN Utils: Service 'SparkUI' could not bind on port 4050. Attempting port 4051.
[2024-10-21T22:11:27.579+0000] {spark_submit.py:649} INFO - 24/10/21 22:11:27 INFO Utils: Successfully started service 'SparkUI' on port 4051.
[2024-10-21T22:11:27.648+0000] {spark_submit.py:649} INFO - 24/10/21 22:11:27 INFO StandaloneAppClient$ClientEndpoint: Connecting to master spark://spark-master:7077...
[2024-10-21T22:11:27.672+0000] {spark_submit.py:649} INFO - 24/10/21 22:11:27 INFO TransportClientFactory: Successfully created connection to spark-master/172.19.0.4:7077 after 11 ms (0 ms spent in bootstraps)
[2024-10-21T22:11:27.714+0000] {spark_submit.py:649} INFO - 24/10/21 22:11:27 INFO StandaloneSchedulerBackend: Connected to Spark cluster with app ID app-20241021221127-0004
[2024-10-21T22:11:27.717+0000] {spark_submit.py:649} INFO - 24/10/21 22:11:27 INFO Utils: Successfully started service 'org.apache.spark.network.netty.NettyBlockTransferService' on port 40077.
[2024-10-21T22:11:27.717+0000] {spark_submit.py:649} INFO - 24/10/21 22:11:27 INFO NettyBlockTransferService: Server created on 17bb0edcf65f:40077
[2024-10-21T22:11:27.718+0000] {spark_submit.py:649} INFO - 24/10/21 22:11:27 INFO BlockManager: Using org.apache.spark.storage.RandomBlockReplicationPolicy for block replication policy
[2024-10-21T22:11:27.720+0000] {spark_submit.py:649} INFO - 24/10/21 22:11:27 INFO BlockManagerMaster: Registering BlockManager BlockManagerId(driver, 17bb0edcf65f, 40077, None)
[2024-10-21T22:11:27.722+0000] {spark_submit.py:649} INFO - 24/10/21 22:11:27 INFO BlockManagerMasterEndpoint: Registering block manager 17bb0edcf65f:40077 with 2.2 GiB RAM, BlockManagerId(driver, 17bb0edcf65f, 40077, None)
[2024-10-21T22:11:27.723+0000] {spark_submit.py:649} INFO - 24/10/21 22:11:27 INFO BlockManagerMaster: Registered BlockManager BlockManagerId(driver, 17bb0edcf65f, 40077, None)
[2024-10-21T22:11:27.723+0000] {spark_submit.py:649} INFO - 24/10/21 22:11:27 INFO BlockManager: Initialized BlockManager: BlockManagerId(driver, 17bb0edcf65f, 40077, None)
[2024-10-21T22:11:27.781+0000] {spark_submit.py:649} INFO - 24/10/21 22:11:27 INFO Utils: Using initial executors = 3, max of spark.dynamicAllocation.initialExecutors, spark.dynamicAllocation.minExecutors and spark.executor.instances
[2024-10-21T22:11:27.782+0000] {spark_submit.py:649} INFO - 24/10/21 22:11:27 INFO ExecutorAllocationManager: Dynamic allocation is enabled without a shuffle service.
[2024-10-21T22:11:27.797+0000] {spark_submit.py:649} INFO - 24/10/21 22:11:27 INFO StandaloneAppClient$ClientEndpoint: Executor added: app-20241021221127-0004/0 on worker-20241021220759-172.19.0.6-44775 (172.19.0.6:44775) with 2 core(s)
[2024-10-21T22:11:27.799+0000] {spark_submit.py:649} INFO - 24/10/21 22:11:27 INFO StandaloneSchedulerBackend: Granted executor ID app-20241021221127-0004/0 on hostPort 172.19.0.6:44775 with 2 core(s), 5.0 GiB RAM
[2024-10-21T22:11:27.816+0000] {spark_submit.py:649} INFO - 24/10/21 22:11:27 INFO StandaloneAppClient$ClientEndpoint: Executor updated: app-20241021221127-0004/0 is now RUNNING
[2024-10-21T22:11:27.834+0000] {spark_submit.py:649} INFO - 24/10/21 22:11:27 INFO StandaloneSchedulerBackend: SchedulerBackend is ready for scheduling beginning after reached minRegisteredResourcesRatio: 0.0
[2024-10-21T22:11:27.835+0000] {spark_submit.py:649} INFO - 24/10/21 22:11:27 INFO StandaloneAppClient$ClientEndpoint: Executor added: app-20241021221127-0004/1 on worker-20241021220759-172.19.0.6-44775 (172.19.0.6:44775) with 2 core(s)
[2024-10-21T22:11:27.839+0000] {spark_submit.py:649} INFO - 24/10/21 22:11:27 INFO StandaloneSchedulerBackend: Granted executor ID app-20241021221127-0004/1 on hostPort 172.19.0.6:44775 with 2 core(s), 5.0 GiB RAM
[2024-10-21T22:11:27.839+0000] {spark_submit.py:649} INFO - 24/10/21 22:11:27 INFO StandaloneAppClient$ClientEndpoint: Executor added: app-20241021221127-0004/2 on worker-20241021220759-172.19.0.6-44775 (172.19.0.6:44775) with 2 core(s)
[2024-10-21T22:11:27.840+0000] {spark_submit.py:649} INFO - 24/10/21 22:11:27 INFO StandaloneSchedulerBackend: Granted executor ID app-20241021221127-0004/2 on hostPort 172.19.0.6:44775 with 2 core(s), 5.0 GiB RAM
[2024-10-21T22:11:27.858+0000] {spark_submit.py:649} INFO - 24/10/21 22:11:27 INFO StandaloneAppClient$ClientEndpoint: Executor updated: app-20241021221127-0004/1 is now RUNNING
[2024-10-21T22:11:27.860+0000] {spark_submit.py:649} INFO - 24/10/21 22:11:27 INFO StandaloneAppClient$ClientEndpoint: Executor updated: app-20241021221127-0004/2 is now RUNNING
[2024-10-21T22:11:27.919+0000] {spark_submit.py:649} INFO - INFO:__main__:Spark session initialized.
[2024-10-21T22:11:27.920+0000] {spark_submit.py:649} INFO - INFO:__main__:Reading articles from: /opt/***/data/news_articles.json
[2024-10-21T22:11:27.949+0000] {spark_submit.py:649} INFO - 24/10/21 22:11:27 INFO SharedState: Setting hive.metastore.warehouse.dir ('null') to the value of spark.sql.warehouse.dir.
[2024-10-21T22:11:27.953+0000] {spark_submit.py:649} INFO - 24/10/21 22:11:27 INFO SharedState: Warehouse path is 'file:/opt/***/spark-warehouse'.
[2024-10-21T22:11:28.339+0000] {spark_submit.py:649} INFO - 24/10/21 22:11:28 INFO InMemoryFileIndex: It took 21 ms to list leaf files for 1 paths.
[2024-10-21T22:11:28.369+0000] {spark_submit.py:649} INFO - 24/10/21 22:11:28 INFO InMemoryFileIndex: It took 1 ms to list leaf files for 1 paths.
[2024-10-21T22:11:29.049+0000] {spark_submit.py:649} INFO - 24/10/21 22:11:29 INFO StandaloneSchedulerBackend$StandaloneDriverEndpoint: Registered executor NettyRpcEndpointRef(spark-client://Executor) (172.19.0.6:53932) with ID 0,  ResourceProfileId 0
[2024-10-21T22:11:29.054+0000] {spark_submit.py:649} INFO - 24/10/21 22:11:29 INFO ExecutorMonitor: New executor 0 has registered (new total is 1)
[2024-10-21T22:11:29.068+0000] {spark_submit.py:649} INFO - 24/10/21 22:11:29 INFO StandaloneSchedulerBackend$StandaloneDriverEndpoint: Registered executor NettyRpcEndpointRef(spark-client://Executor) (172.19.0.6:53948) with ID 2,  ResourceProfileId 0
[2024-10-21T22:11:29.069+0000] {spark_submit.py:649} INFO - 24/10/21 22:11:29 INFO ExecutorMonitor: New executor 2 has registered (new total is 2)
[2024-10-21T22:11:29.086+0000] {spark_submit.py:649} INFO - 24/10/21 22:11:29 INFO BlockManagerMasterEndpoint: Registering block manager 172.19.0.6:38437 with 2.8 GiB RAM, BlockManagerId(0, 172.19.0.6, 38437, None)
[2024-10-21T22:11:29.103+0000] {spark_submit.py:649} INFO - 24/10/21 22:11:29 INFO BlockManagerMasterEndpoint: Registering block manager 172.19.0.6:38699 with 2.8 GiB RAM, BlockManagerId(2, 172.19.0.6, 38699, None)
[2024-10-21T22:11:29.122+0000] {spark_submit.py:649} INFO - 24/10/21 22:11:29 INFO StandaloneSchedulerBackend$StandaloneDriverEndpoint: Registered executor NettyRpcEndpointRef(spark-client://Executor) (172.19.0.6:53964) with ID 1,  ResourceProfileId 0
[2024-10-21T22:11:29.123+0000] {spark_submit.py:649} INFO - 24/10/21 22:11:29 INFO ExecutorMonitor: New executor 1 has registered (new total is 3)
[2024-10-21T22:11:29.148+0000] {spark_submit.py:649} INFO - 24/10/21 22:11:29 INFO BlockManagerMasterEndpoint: Registering block manager 172.19.0.6:45231 with 2.8 GiB RAM, BlockManagerId(1, 172.19.0.6, 45231, None)
[2024-10-21T22:11:29.335+0000] {spark_submit.py:649} INFO - 24/10/21 22:11:29 INFO FileSourceStrategy: Pushed Filters:
[2024-10-21T22:11:29.336+0000] {spark_submit.py:649} INFO - 24/10/21 22:11:29 INFO FileSourceStrategy: Post-Scan Filters:
[2024-10-21T22:11:29.415+0000] {spark_submit.py:649} INFO - 24/10/21 22:11:29 INFO MemoryStore: Block broadcast_0 stored as values in memory (estimated size 201.4 KiB, free 2.2 GiB)
[2024-10-21T22:11:29.496+0000] {spark_submit.py:649} INFO - 24/10/21 22:11:29 INFO MemoryStore: Block broadcast_0_piece0 stored as bytes in memory (estimated size 34.8 KiB, free 2.2 GiB)
[2024-10-21T22:11:29.498+0000] {spark_submit.py:649} INFO - 24/10/21 22:11:29 INFO BlockManagerInfo: Added broadcast_0_piece0 in memory on 17bb0edcf65f:40077 (size: 34.8 KiB, free: 2.2 GiB)
[2024-10-21T22:11:29.500+0000] {spark_submit.py:649} INFO - 24/10/21 22:11:29 INFO SparkContext: Created broadcast 0 from json at NativeMethodAccessorImpl.java:0
[2024-10-21T22:11:29.504+0000] {spark_submit.py:649} INFO - 24/10/21 22:11:29 INFO FileSourceScanExec: Planning scan with bin packing, max size: 4194304 bytes, open cost is considered as scanning 4194304 bytes.
[2024-10-21T22:11:29.558+0000] {spark_submit.py:649} INFO - 24/10/21 22:11:29 INFO SparkContext: Starting job: json at NativeMethodAccessorImpl.java:0
[2024-10-21T22:11:29.568+0000] {spark_submit.py:649} INFO - 24/10/21 22:11:29 INFO DAGScheduler: Got job 0 (json at NativeMethodAccessorImpl.java:0) with 1 output partitions
[2024-10-21T22:11:29.568+0000] {spark_submit.py:649} INFO - 24/10/21 22:11:29 INFO DAGScheduler: Final stage: ResultStage 0 (json at NativeMethodAccessorImpl.java:0)
[2024-10-21T22:11:29.569+0000] {spark_submit.py:649} INFO - 24/10/21 22:11:29 INFO DAGScheduler: Parents of final stage: List()
[2024-10-21T22:11:29.569+0000] {spark_submit.py:649} INFO - 24/10/21 22:11:29 INFO DAGScheduler: Missing parents: List()
[2024-10-21T22:11:29.570+0000] {spark_submit.py:649} INFO - 24/10/21 22:11:29 INFO DAGScheduler: Submitting ResultStage 0 (MapPartitionsRDD[3] at json at NativeMethodAccessorImpl.java:0), which has no missing parents
[2024-10-21T22:11:29.597+0000] {spark_submit.py:649} INFO - 24/10/21 22:11:29 INFO MemoryStore: Block broadcast_1 stored as values in memory (estimated size 16.6 KiB, free 2.2 GiB)
[2024-10-21T22:11:29.598+0000] {spark_submit.py:649} INFO - 24/10/21 22:11:29 INFO MemoryStore: Block broadcast_1_piece0 stored as bytes in memory (estimated size 7.8 KiB, free 2.2 GiB)
[2024-10-21T22:11:29.599+0000] {spark_submit.py:649} INFO - 24/10/21 22:11:29 INFO BlockManagerInfo: Added broadcast_1_piece0 in memory on 17bb0edcf65f:40077 (size: 7.8 KiB, free: 2.2 GiB)
[2024-10-21T22:11:29.602+0000] {spark_submit.py:649} INFO - 24/10/21 22:11:29 INFO SparkContext: Created broadcast 1 from broadcast at DAGScheduler.scala:1585
[2024-10-21T22:11:29.606+0000] {spark_submit.py:649} INFO - 24/10/21 22:11:29 INFO DAGScheduler: Submitting 1 missing tasks from ResultStage 0 (MapPartitionsRDD[3] at json at NativeMethodAccessorImpl.java:0) (first 15 tasks are for partitions Vector(0))
[2024-10-21T22:11:29.607+0000] {spark_submit.py:649} INFO - 24/10/21 22:11:29 INFO TaskSchedulerImpl: Adding task set 0.0 with 1 tasks resource profile 0
[2024-10-21T22:11:29.617+0000] {spark_submit.py:649} INFO - 24/10/21 22:11:29 INFO TaskSetManager: Starting task 0.0 in stage 0.0 (TID 0) (172.19.0.6, executor 1, partition 0, PROCESS_LOCAL, 9609 bytes)
[2024-10-21T22:12:03.360+0000] {local_task_job_runner.py:127} ERROR - Received SIGTERM. Terminating subprocesses
[2024-10-21T22:12:03.369+0000] {process_utils.py:132} INFO - Sending 15 to group 767. PIDs of all processes in the group: [769, 827, 767]
[2024-10-21T22:12:03.369+0000] {process_utils.py:87} INFO - Sending the signal 15 to group 767
[2024-10-21T22:12:03.371+0000] {taskinstance.py:3092} ERROR - Received SIGTERM. Terminating subprocesses.
[2024-10-21T22:12:03.373+0000] {spark_submit.py:775} INFO - Sending kill signal to spark-submit
[2024-10-21T22:12:03.383+0000] {taskinstance.py:3310} ERROR - Task failed with exception
Traceback (most recent call last):
  File "/home/airflow/.local/lib/python3.8/site-packages/airflow/models/taskinstance.py", line 762, in _execute_task
    result = _execute_callable(context=context, **execute_callable_kwargs)
  File "/home/airflow/.local/lib/python3.8/site-packages/airflow/models/taskinstance.py", line 733, in _execute_callable
    return ExecutionCallableRunner(
  File "/home/airflow/.local/lib/python3.8/site-packages/airflow/utils/operator_helpers.py", line 252, in run
    return self.func(*args, **kwargs)
  File "/home/airflow/.local/lib/python3.8/site-packages/airflow/models/baseoperator.py", line 406, in wrapper
    return func(self, *args, **kwargs)
  File "/home/airflow/.local/lib/python3.8/site-packages/airflow/providers/apache/spark/operators/spark_submit.py", line 176, in execute
    self._hook.submit(self.application)
  File "/home/airflow/.local/lib/python3.8/site-packages/airflow/providers/apache/spark/hooks/spark_submit.py", line 563, in submit
    self._process_spark_submit_log(iter(self._submit_sp.stdout))  # type: ignore
  File "/home/airflow/.local/lib/python3.8/site-packages/airflow/providers/apache/spark/hooks/spark_submit.py", line 612, in _process_spark_submit_log
    for line in itr:
  File "/home/airflow/.local/lib/python3.8/site-packages/airflow/models/taskinstance.py", line 3094, in signal_handler
    raise AirflowTaskTerminated("Task received SIGTERM signal")
airflow.exceptions.AirflowTaskTerminated: Task received SIGTERM signal
[2024-10-21T22:12:03.395+0000] {taskinstance.py:1225} INFO - Marking task as UP_FOR_RETRY. dag_id=newsapi_etl_with_spark, task_id=spark_submit_task, run_id=manual__2024-10-21T22:11:22.958582+00:00, execution_date=20241021T221122, start_date=20241021T221125, end_date=20241021T221203
[2024-10-21T22:12:03.413+0000] {taskinstance.py:340} INFO - ::group::Post task execution logs
[2024-10-21T22:12:03.475+0000] {process_utils.py:80} INFO - Process psutil.Process(pid=769, status='terminated', started='22:11:25') (769) terminated with exit code None
[2024-10-21T22:12:03.476+0000] {process_utils.py:80} INFO - Process psutil.Process(pid=767, status='terminated', exitcode=2, started='22:11:24') (767) terminated with exit code 2
[2024-10-21T22:12:03.476+0000] {process_utils.py:80} INFO - Process psutil.Process(pid=827, status='terminated', started='22:11:25') (827) terminated with exit code None
[2024-10-21T22:12:03.476+0000] {local_task_job_runner.py:266} INFO - Task exited with return code 143
[2024-10-21T22:12:03.491+0000] {taskinstance.py:3900} INFO - 0 downstream tasks scheduled from follow-on schedule check
