[2024-10-21T22:02:51.608+0000] {local_task_job_runner.py:123} INFO - ::group::Pre task execution logs
[2024-10-21T22:02:51.618+0000] {taskinstance.py:2612} INFO - Dependencies all met for dep_context=non-requeueable deps ti=<TaskInstance: newsapi_etl_with_spark.spark_submit_task scheduled__2024-10-20T00:00:00+00:00 [queued]>
[2024-10-21T22:02:51.624+0000] {taskinstance.py:2612} INFO - Dependencies all met for dep_context=requeueable deps ti=<TaskInstance: newsapi_etl_with_spark.spark_submit_task scheduled__2024-10-20T00:00:00+00:00 [queued]>
[2024-10-21T22:02:51.624+0000] {taskinstance.py:2865} INFO - Starting attempt 2 of 2
[2024-10-21T22:02:51.635+0000] {taskinstance.py:2888} INFO - Executing <Task(SparkSubmitOperator): spark_submit_task> on 2024-10-20 00:00:00+00:00
[2024-10-21T22:02:51.637+0000] {standard_task_runner.py:72} INFO - Started process 23 to run task
[2024-10-21T22:02:51.644+0000] {standard_task_runner.py:104} INFO - Running: ['***', 'tasks', 'run', 'newsapi_etl_with_spark', 'spark_submit_task', 'scheduled__2024-10-20T00:00:00+00:00', '--job-id', '28', '--raw', '--subdir', 'DAGS_FOLDER/newsapi_etl_pipeline.py', '--cfg-path', '/tmp/tmp5tg9ocpw']
[2024-10-21T22:02:51.648+0000] {standard_task_runner.py:105} INFO - Job 28: Subtask spark_submit_task
[2024-10-21T22:02:51.724+0000] {task_command.py:467} INFO - Running <TaskInstance: newsapi_etl_with_spark.spark_submit_task scheduled__2024-10-20T00:00:00+00:00 [running]> on host 5d928305651e
[2024-10-21T22:02:51.799+0000] {taskinstance.py:3131} INFO - Exporting env vars: AIRFLOW_CTX_DAG_OWNER='***' AIRFLOW_CTX_DAG_ID='newsapi_etl_with_spark' AIRFLOW_CTX_TASK_ID='spark_submit_task' AIRFLOW_CTX_EXECUTION_DATE='2024-10-20T00:00:00+00:00' AIRFLOW_CTX_TRY_NUMBER='2' AIRFLOW_CTX_DAG_RUN_ID='scheduled__2024-10-20T00:00:00+00:00'
[2024-10-21T22:02:51.800+0000] {taskinstance.py:731} INFO - ::endgroup::
[2024-10-21T22:02:51.805+0000] {base.py:84} INFO - Retrieving connection 'spark_conn'
[2024-10-21T22:02:51.806+0000] {spark_submit.py:473} INFO - Spark-Submit cmd: spark-submit --master spark://spark-master:7077 --conf spark.ui.port=4050 --conf spark.executor.instances=3 --conf spark.executor.memory=5g --conf spark.executor.cores=2 --conf spark.driver.memory=4g --conf spark.driver.cores=2 --conf spark.default.parallelism=12 --conf spark.serializer=org.apache.spark.serializer.KryoSerializer --conf spark.sql.shuffle.partitions=12 --conf spark.dynamicAllocation.enabled=true --conf spark.dynamicAllocation.minExecutors=3 --conf spark.dynamicAllocation.maxExecutors=6 --conf spark.executor.memoryOverhead=1024m --name LDA_Job --verbose --deploy-mode client /opt/***/scripts/news_processing.py
[2024-10-21T22:02:52.563+0000] {spark_submit.py:649} INFO - Using properties file: null
[2024-10-21T22:02:52.641+0000] {spark_submit.py:649} INFO - Parsed arguments:
[2024-10-21T22:02:52.642+0000] {spark_submit.py:649} INFO - master                  spark://spark-master:7077
[2024-10-21T22:02:52.642+0000] {spark_submit.py:649} INFO - remote                  null
[2024-10-21T22:02:52.643+0000] {spark_submit.py:649} INFO - deployMode              client
[2024-10-21T22:02:52.643+0000] {spark_submit.py:649} INFO - executorMemory          5g
[2024-10-21T22:02:52.644+0000] {spark_submit.py:649} INFO - executorCores           2
[2024-10-21T22:02:52.644+0000] {spark_submit.py:649} INFO - totalExecutorCores      null
[2024-10-21T22:02:52.644+0000] {spark_submit.py:649} INFO - propertiesFile          null
[2024-10-21T22:02:52.645+0000] {spark_submit.py:649} INFO - driverMemory            4g
[2024-10-21T22:02:52.645+0000] {spark_submit.py:649} INFO - driverCores             2
[2024-10-21T22:02:52.645+0000] {spark_submit.py:649} INFO - driverExtraClassPath    null
[2024-10-21T22:02:52.646+0000] {spark_submit.py:649} INFO - driverExtraLibraryPath  null
[2024-10-21T22:02:52.646+0000] {spark_submit.py:649} INFO - driverExtraJavaOptions  null
[2024-10-21T22:02:52.646+0000] {spark_submit.py:649} INFO - supervise               false
[2024-10-21T22:02:52.647+0000] {spark_submit.py:649} INFO - queue                   null
[2024-10-21T22:02:52.647+0000] {spark_submit.py:649} INFO - numExecutors            3
[2024-10-21T22:02:52.647+0000] {spark_submit.py:649} INFO - files                   null
[2024-10-21T22:02:52.647+0000] {spark_submit.py:649} INFO - pyFiles                 null
[2024-10-21T22:02:52.648+0000] {spark_submit.py:649} INFO - archives                null
[2024-10-21T22:02:52.648+0000] {spark_submit.py:649} INFO - mainClass               null
[2024-10-21T22:02:52.648+0000] {spark_submit.py:649} INFO - primaryResource         file:/opt/***/scripts/news_processing.py
[2024-10-21T22:02:52.649+0000] {spark_submit.py:649} INFO - name                    LDA_Job
[2024-10-21T22:02:52.649+0000] {spark_submit.py:649} INFO - childArgs               []
[2024-10-21T22:02:52.649+0000] {spark_submit.py:649} INFO - jars                    null
[2024-10-21T22:02:52.650+0000] {spark_submit.py:649} INFO - packages                null
[2024-10-21T22:02:52.650+0000] {spark_submit.py:649} INFO - packagesExclusions      null
[2024-10-21T22:02:52.650+0000] {spark_submit.py:649} INFO - repositories            null
[2024-10-21T22:02:52.651+0000] {spark_submit.py:649} INFO - verbose                 true
[2024-10-21T22:02:52.651+0000] {spark_submit.py:649} INFO - 
[2024-10-21T22:02:52.652+0000] {spark_submit.py:649} INFO - Spark properties used, including those specified through
[2024-10-21T22:02:52.652+0000] {spark_submit.py:649} INFO - --conf and those from the properties file null:
[2024-10-21T22:02:52.654+0000] {spark_submit.py:649} INFO - (spark.default.parallelism,12)
[2024-10-21T22:02:52.654+0000] {spark_submit.py:649} INFO - (spark.driver.cores,2)
[2024-10-21T22:02:52.655+0000] {spark_submit.py:649} INFO - (spark.driver.memory,4g)
[2024-10-21T22:02:52.655+0000] {spark_submit.py:649} INFO - (spark.dynamicAllocation.enabled,true)
[2024-10-21T22:02:52.655+0000] {spark_submit.py:649} INFO - (spark.dynamicAllocation.maxExecutors,6)
[2024-10-21T22:02:52.655+0000] {spark_submit.py:649} INFO - (spark.dynamicAllocation.minExecutors,3)
[2024-10-21T22:02:52.656+0000] {spark_submit.py:649} INFO - (spark.executor.cores,2)
[2024-10-21T22:02:52.656+0000] {spark_submit.py:649} INFO - (spark.executor.instances,3)
[2024-10-21T22:02:52.657+0000] {spark_submit.py:649} INFO - (spark.executor.memory,5g)
[2024-10-21T22:02:52.657+0000] {spark_submit.py:649} INFO - (spark.executor.memoryOverhead,1024m)
[2024-10-21T22:02:52.658+0000] {spark_submit.py:649} INFO - (spark.serializer,org.apache.spark.serializer.KryoSerializer)
[2024-10-21T22:02:52.658+0000] {spark_submit.py:649} INFO - (spark.sql.shuffle.partitions,12)
[2024-10-21T22:02:52.658+0000] {spark_submit.py:649} INFO - (spark.ui.port,4050)
[2024-10-21T22:02:52.659+0000] {spark_submit.py:649} INFO - 
[2024-10-21T22:02:52.659+0000] {spark_submit.py:649} INFO - 
[2024-10-21T22:02:52.781+0000] {spark_submit.py:649} INFO - Main class:
[2024-10-21T22:02:52.783+0000] {spark_submit.py:649} INFO - org.apache.spark.deploy.PythonRunner
[2024-10-21T22:02:52.784+0000] {spark_submit.py:649} INFO - Arguments:
[2024-10-21T22:02:52.784+0000] {spark_submit.py:649} INFO - file:/opt/***/scripts/news_processing.py
[2024-10-21T22:02:52.784+0000] {spark_submit.py:649} INFO - null
[2024-10-21T22:02:52.785+0000] {spark_submit.py:649} INFO - Spark config:
[2024-10-21T22:02:52.785+0000] {spark_submit.py:649} INFO - (spark.app.name,LDA_Job)
[2024-10-21T22:02:52.786+0000] {spark_submit.py:649} INFO - (spark.app.submitTime,1729548172771)
[2024-10-21T22:02:52.786+0000] {spark_submit.py:649} INFO - (spark.default.parallelism,12)
[2024-10-21T22:02:52.787+0000] {spark_submit.py:649} INFO - (spark.driver.cores,2)
[2024-10-21T22:02:52.787+0000] {spark_submit.py:649} INFO - (spark.driver.memory,4g)
[2024-10-21T22:02:52.787+0000] {spark_submit.py:649} INFO - (spark.dynamicAllocation.enabled,true)
[2024-10-21T22:02:52.788+0000] {spark_submit.py:649} INFO - (spark.dynamicAllocation.maxExecutors,6)
[2024-10-21T22:02:52.788+0000] {spark_submit.py:649} INFO - (spark.dynamicAllocation.minExecutors,3)
[2024-10-21T22:02:52.788+0000] {spark_submit.py:649} INFO - (spark.executor.cores,2)
[2024-10-21T22:02:52.789+0000] {spark_submit.py:649} INFO - (spark.executor.instances,3)
[2024-10-21T22:02:52.789+0000] {spark_submit.py:649} INFO - (spark.executor.memory,5g)
[2024-10-21T22:02:52.790+0000] {spark_submit.py:649} INFO - (spark.executor.memoryOverhead,1024m)
[2024-10-21T22:02:52.790+0000] {spark_submit.py:649} INFO - (spark.master,spark://spark-master:7077)
[2024-10-21T22:02:52.790+0000] {spark_submit.py:649} INFO - (spark.serializer,org.apache.spark.serializer.KryoSerializer)
[2024-10-21T22:02:52.790+0000] {spark_submit.py:649} INFO - (spark.sql.shuffle.partitions,12)
[2024-10-21T22:02:52.791+0000] {spark_submit.py:649} INFO - (spark.submit.deployMode,client)
[2024-10-21T22:02:52.791+0000] {spark_submit.py:649} INFO - (spark.submit.pyFiles,)
[2024-10-21T22:02:52.792+0000] {spark_submit.py:649} INFO - (spark.ui.port,4050)
[2024-10-21T22:02:52.792+0000] {spark_submit.py:649} INFO - Classpath elements:
[2024-10-21T22:02:52.792+0000] {spark_submit.py:649} INFO - 
[2024-10-21T22:02:52.793+0000] {spark_submit.py:649} INFO - 
[2024-10-21T22:02:52.793+0000] {spark_submit.py:649} INFO - 
[2024-10-21T22:02:53.629+0000] {spark_submit.py:649} INFO - 24/10/21 22:02:53 INFO SparkContext: Running Spark version 3.5.3
[2024-10-21T22:02:53.630+0000] {spark_submit.py:649} INFO - 24/10/21 22:02:53 INFO SparkContext: OS info Linux, 6.6.22-linuxkit, aarch64
[2024-10-21T22:02:53.633+0000] {spark_submit.py:649} INFO - 24/10/21 22:02:53 INFO SparkContext: Java version 17.0.13
[2024-10-21T22:02:53.657+0000] {spark_submit.py:649} INFO - 24/10/21 22:02:53 WARN NativeCodeLoader: Unable to load native-hadoop library for your platform... using builtin-java classes where applicable
[2024-10-21T22:02:53.698+0000] {spark_submit.py:649} INFO - 24/10/21 22:02:53 INFO ResourceUtils: ==============================================================
[2024-10-21T22:02:53.699+0000] {spark_submit.py:649} INFO - 24/10/21 22:02:53 INFO ResourceUtils: No custom resources configured for spark.driver.
[2024-10-21T22:02:53.700+0000] {spark_submit.py:649} INFO - 24/10/21 22:02:53 INFO ResourceUtils: ==============================================================
[2024-10-21T22:02:53.700+0000] {spark_submit.py:649} INFO - 24/10/21 22:02:53 INFO SparkContext: Submitted application: LDA News Topic Modeling
[2024-10-21T22:02:53.710+0000] {spark_submit.py:649} INFO - 24/10/21 22:02:53 INFO ResourceProfile: Default ResourceProfile created, executor resources: Map(memoryOverhead -> name: memoryOverhead, amount: 1024, script: , vendor: , cores -> name: cores, amount: 2, script: , vendor: , memory -> name: memory, amount: 5120, script: , vendor: , offHeap -> name: offHeap, amount: 0, script: , vendor: ), task resources: Map(cpus -> name: cpus, amount: 1.0)
[2024-10-21T22:02:53.715+0000] {spark_submit.py:649} INFO - 24/10/21 22:02:53 INFO ResourceProfile: Limiting resource is cpus at 2 tasks per executor
[2024-10-21T22:02:53.716+0000] {spark_submit.py:649} INFO - 24/10/21 22:02:53 INFO ResourceProfileManager: Added ResourceProfile id: 0
[2024-10-21T22:02:53.744+0000] {spark_submit.py:649} INFO - 24/10/21 22:02:53 INFO SecurityManager: Changing view acls to: ***
[2024-10-21T22:02:53.747+0000] {spark_submit.py:649} INFO - 24/10/21 22:02:53 INFO SecurityManager: Changing modify acls to: ***
[2024-10-21T22:02:53.747+0000] {spark_submit.py:649} INFO - 24/10/21 22:02:53 INFO SecurityManager: Changing view acls groups to:
[2024-10-21T22:02:53.748+0000] {spark_submit.py:649} INFO - 24/10/21 22:02:53 INFO SecurityManager: Changing modify acls groups to:
[2024-10-21T22:02:53.749+0000] {spark_submit.py:649} INFO - 24/10/21 22:02:53 INFO SecurityManager: SecurityManager: authentication disabled; ui acls disabled; users with view permissions: ***; groups with view permissions: EMPTY; users with modify permissions: ***; groups with modify permissions: EMPTY
[2024-10-21T22:02:53.859+0000] {spark_submit.py:649} INFO - 24/10/21 22:02:53 INFO Utils: Successfully started service 'sparkDriver' on port 33685.
[2024-10-21T22:02:53.874+0000] {spark_submit.py:649} INFO - 24/10/21 22:02:53 INFO SparkEnv: Registering MapOutputTracker
[2024-10-21T22:02:53.903+0000] {spark_submit.py:649} INFO - 24/10/21 22:02:53 INFO SparkEnv: Registering BlockManagerMaster
[2024-10-21T22:02:53.916+0000] {spark_submit.py:649} INFO - 24/10/21 22:02:53 INFO BlockManagerMasterEndpoint: Using org.apache.spark.storage.DefaultTopologyMapper for getting topology information
[2024-10-21T22:02:53.917+0000] {spark_submit.py:649} INFO - 24/10/21 22:02:53 INFO BlockManagerMasterEndpoint: BlockManagerMasterEndpoint up
[2024-10-21T22:02:53.920+0000] {spark_submit.py:649} INFO - 24/10/21 22:02:53 INFO SparkEnv: Registering BlockManagerMasterHeartbeat
[2024-10-21T22:02:53.936+0000] {spark_submit.py:649} INFO - 24/10/21 22:02:53 INFO DiskBlockManager: Created local directory at /tmp/blockmgr-f0511cdb-6d34-405b-8f25-0255f8f32202
[2024-10-21T22:02:53.952+0000] {spark_submit.py:649} INFO - 24/10/21 22:02:53 INFO MemoryStore: MemoryStore started with capacity 2.2 GiB
[2024-10-21T22:02:53.964+0000] {spark_submit.py:649} INFO - 24/10/21 22:02:53 INFO SparkEnv: Registering OutputCommitCoordinator
[2024-10-21T22:02:54.031+0000] {spark_submit.py:649} INFO - 24/10/21 22:02:54 INFO JettyUtils: Start Jetty 0.0.0.0:4050 for SparkUI
[2024-10-21T22:02:54.062+0000] {spark_submit.py:649} INFO - 24/10/21 22:02:54 INFO Utils: Successfully started service 'SparkUI' on port 4050.
[2024-10-21T22:02:54.139+0000] {spark_submit.py:649} INFO - 24/10/21 22:02:54 INFO StandaloneAppClient$ClientEndpoint: Connecting to master spark://spark-master:7077...
[2024-10-21T22:02:54.176+0000] {spark_submit.py:649} INFO - 24/10/21 22:02:54 INFO TransportClientFactory: Successfully created connection to spark-master/172.18.0.3:7077 after 21 ms (0 ms spent in bootstraps)
[2024-10-21T22:02:54.265+0000] {spark_submit.py:649} INFO - 24/10/21 22:02:54 INFO StandaloneSchedulerBackend: Connected to Spark cluster with app ID app-20241021220254-0000
[2024-10-21T22:02:54.269+0000] {spark_submit.py:649} INFO - 24/10/21 22:02:54 INFO Utils: Successfully started service 'org.apache.spark.network.netty.NettyBlockTransferService' on port 43115.
[2024-10-21T22:02:54.270+0000] {spark_submit.py:649} INFO - 24/10/21 22:02:54 INFO NettyBlockTransferService: Server created on 5d928305651e:43115
[2024-10-21T22:02:54.270+0000] {spark_submit.py:649} INFO - 24/10/21 22:02:54 INFO BlockManager: Using org.apache.spark.storage.RandomBlockReplicationPolicy for block replication policy
[2024-10-21T22:02:54.274+0000] {spark_submit.py:649} INFO - 24/10/21 22:02:54 INFO BlockManagerMaster: Registering BlockManager BlockManagerId(driver, 5d928305651e, 43115, None)
[2024-10-21T22:02:54.277+0000] {spark_submit.py:649} INFO - 24/10/21 22:02:54 INFO BlockManagerMasterEndpoint: Registering block manager 5d928305651e:43115 with 2.2 GiB RAM, BlockManagerId(driver, 5d928305651e, 43115, None)
[2024-10-21T22:02:54.282+0000] {spark_submit.py:649} INFO - 24/10/21 22:02:54 INFO BlockManagerMaster: Registered BlockManager BlockManagerId(driver, 5d928305651e, 43115, None)
[2024-10-21T22:02:54.282+0000] {spark_submit.py:649} INFO - 24/10/21 22:02:54 INFO BlockManager: Initialized BlockManager: BlockManagerId(driver, 5d928305651e, 43115, None)
[2024-10-21T22:02:54.342+0000] {spark_submit.py:649} INFO - 24/10/21 22:02:54 INFO Utils: Using initial executors = 3, max of spark.dynamicAllocation.initialExecutors, spark.dynamicAllocation.minExecutors and spark.executor.instances
[2024-10-21T22:02:54.343+0000] {spark_submit.py:649} INFO - 24/10/21 22:02:54 INFO ExecutorAllocationManager: Dynamic allocation is enabled without a shuffle service.
[2024-10-21T22:02:54.373+0000] {spark_submit.py:649} INFO - 24/10/21 22:02:54 INFO StandaloneAppClient$ClientEndpoint: Executor added: app-20241021220254-0000/0 on worker-20241021220241-172.18.0.5-37051 (172.18.0.5:37051) with 2 core(s)
[2024-10-21T22:02:54.375+0000] {spark_submit.py:649} INFO - 24/10/21 22:02:54 INFO StandaloneSchedulerBackend: Granted executor ID app-20241021220254-0000/0 on hostPort 172.18.0.5:37051 with 2 core(s), 5.0 GiB RAM
[2024-10-21T22:02:54.375+0000] {spark_submit.py:649} INFO - 24/10/21 22:02:54 INFO StandaloneAppClient$ClientEndpoint: Executor added: app-20241021220254-0000/1 on worker-20241021220241-172.18.0.5-37051 (172.18.0.5:37051) with 2 core(s)
[2024-10-21T22:02:54.377+0000] {spark_submit.py:649} INFO - 24/10/21 22:02:54 INFO StandaloneSchedulerBackend: Granted executor ID app-20241021220254-0000/1 on hostPort 172.18.0.5:37051 with 2 core(s), 5.0 GiB RAM
[2024-10-21T22:02:54.377+0000] {spark_submit.py:649} INFO - 24/10/21 22:02:54 INFO StandaloneAppClient$ClientEndpoint: Executor added: app-20241021220254-0000/2 on worker-20241021220241-172.18.0.5-37051 (172.18.0.5:37051) with 2 core(s)
[2024-10-21T22:02:54.377+0000] {spark_submit.py:649} INFO - 24/10/21 22:02:54 INFO StandaloneSchedulerBackend: Granted executor ID app-20241021220254-0000/2 on hostPort 172.18.0.5:37051 with 2 core(s), 5.0 GiB RAM
[2024-10-21T22:02:54.407+0000] {spark_submit.py:649} INFO - 24/10/21 22:02:54 INFO StandaloneSchedulerBackend: SchedulerBackend is ready for scheduling beginning after reached minRegisteredResourcesRatio: 0.0
[2024-10-21T22:02:54.489+0000] {spark_submit.py:649} INFO - 24/10/21 22:02:54 INFO StandaloneAppClient$ClientEndpoint: Executor updated: app-20241021220254-0000/1 is now RUNNING
[2024-10-21T22:02:54.490+0000] {spark_submit.py:649} INFO - 24/10/21 22:02:54 INFO StandaloneAppClient$ClientEndpoint: Executor updated: app-20241021220254-0000/2 is now RUNNING
[2024-10-21T22:02:54.490+0000] {spark_submit.py:649} INFO - 24/10/21 22:02:54 INFO StandaloneAppClient$ClientEndpoint: Executor updated: app-20241021220254-0000/0 is now RUNNING
[2024-10-21T22:02:54.505+0000] {spark_submit.py:649} INFO - INFO:__main__:Spark session initialized.
[2024-10-21T22:02:54.506+0000] {spark_submit.py:649} INFO - INFO:__main__:Reading articles from: /opt/***/data/news_articles.json
[2024-10-21T22:02:54.549+0000] {spark_submit.py:649} INFO - 24/10/21 22:02:54 INFO SharedState: Setting hive.metastore.warehouse.dir ('null') to the value of spark.sql.warehouse.dir.
[2024-10-21T22:02:54.553+0000] {spark_submit.py:649} INFO - 24/10/21 22:02:54 INFO SharedState: Warehouse path is 'file:/opt/***/spark-warehouse'.
[2024-10-21T22:02:55.041+0000] {spark_submit.py:649} INFO - 24/10/21 22:02:55 INFO InMemoryFileIndex: It took 38 ms to list leaf files for 1 paths.
[2024-10-21T22:02:55.076+0000] {spark_submit.py:649} INFO - 24/10/21 22:02:55 INFO InMemoryFileIndex: It took 1 ms to list leaf files for 1 paths.
[2024-10-21T22:02:56.423+0000] {spark_submit.py:649} INFO - 24/10/21 22:02:56 INFO StandaloneSchedulerBackend$StandaloneDriverEndpoint: Registered executor NettyRpcEndpointRef(spark-client://Executor) (172.18.0.5:46078) with ID 1,  ResourceProfileId 0
[2024-10-21T22:02:56.430+0000] {spark_submit.py:649} INFO - 24/10/21 22:02:56 INFO ExecutorMonitor: New executor 1 has registered (new total is 1)
[2024-10-21T22:02:56.432+0000] {spark_submit.py:649} INFO - 24/10/21 22:02:56 INFO StandaloneSchedulerBackend$StandaloneDriverEndpoint: Registered executor NettyRpcEndpointRef(spark-client://Executor) (172.18.0.5:46070) with ID 2,  ResourceProfileId 0
[2024-10-21T22:02:56.432+0000] {spark_submit.py:649} INFO - 24/10/21 22:02:56 INFO ExecutorMonitor: New executor 2 has registered (new total is 2)
[2024-10-21T22:02:56.465+0000] {spark_submit.py:649} INFO - 24/10/21 22:02:56 INFO BlockManagerMasterEndpoint: Registering block manager 172.18.0.5:44099 with 2.8 GiB RAM, BlockManagerId(2, 172.18.0.5, 44099, None)
[2024-10-21T22:02:56.466+0000] {spark_submit.py:649} INFO - 24/10/21 22:02:56 INFO BlockManagerMasterEndpoint: Registering block manager 172.18.0.5:37089 with 2.8 GiB RAM, BlockManagerId(1, 172.18.0.5, 37089, None)
[2024-10-21T22:02:56.575+0000] {spark_submit.py:649} INFO - 24/10/21 22:02:56 INFO FileSourceStrategy: Pushed Filters:
[2024-10-21T22:02:56.576+0000] {spark_submit.py:649} INFO - 24/10/21 22:02:56 INFO FileSourceStrategy: Post-Scan Filters:
[2024-10-21T22:02:56.637+0000] {spark_submit.py:649} INFO - 24/10/21 22:02:56 INFO StandaloneSchedulerBackend$StandaloneDriverEndpoint: Registered executor NettyRpcEndpointRef(spark-client://Executor) (172.18.0.5:46094) with ID 0,  ResourceProfileId 0
[2024-10-21T22:02:56.638+0000] {spark_submit.py:649} INFO - 24/10/21 22:02:56 INFO ExecutorMonitor: New executor 0 has registered (new total is 3)
[2024-10-21T22:02:56.665+0000] {spark_submit.py:649} INFO - 24/10/21 22:02:56 INFO BlockManagerMasterEndpoint: Registering block manager 172.18.0.5:40279 with 2.8 GiB RAM, BlockManagerId(0, 172.18.0.5, 40279, None)
[2024-10-21T22:02:56.706+0000] {spark_submit.py:649} INFO - 24/10/21 22:02:56 INFO MemoryStore: Block broadcast_0 stored as values in memory (estimated size 201.4 KiB, free 2.2 GiB)
[2024-10-21T22:02:56.824+0000] {spark_submit.py:649} INFO - 24/10/21 22:02:56 INFO MemoryStore: Block broadcast_0_piece0 stored as bytes in memory (estimated size 34.8 KiB, free 2.2 GiB)
[2024-10-21T22:02:56.825+0000] {spark_submit.py:649} INFO - 24/10/21 22:02:56 INFO BlockManagerInfo: Added broadcast_0_piece0 in memory on 5d928305651e:43115 (size: 34.8 KiB, free: 2.2 GiB)
[2024-10-21T22:02:56.827+0000] {spark_submit.py:649} INFO - 24/10/21 22:02:56 INFO SparkContext: Created broadcast 0 from json at NativeMethodAccessorImpl.java:0
[2024-10-21T22:02:56.832+0000] {spark_submit.py:649} INFO - 24/10/21 22:02:56 INFO FileSourceScanExec: Planning scan with bin packing, max size: 4194304 bytes, open cost is considered as scanning 4194304 bytes.
[2024-10-21T22:02:56.895+0000] {spark_submit.py:649} INFO - 24/10/21 22:02:56 INFO SparkContext: Starting job: json at NativeMethodAccessorImpl.java:0
[2024-10-21T22:02:56.913+0000] {spark_submit.py:649} INFO - 24/10/21 22:02:56 INFO DAGScheduler: Got job 0 (json at NativeMethodAccessorImpl.java:0) with 1 output partitions
[2024-10-21T22:02:56.917+0000] {spark_submit.py:649} INFO - 24/10/21 22:02:56 INFO DAGScheduler: Final stage: ResultStage 0 (json at NativeMethodAccessorImpl.java:0)
[2024-10-21T22:02:56.918+0000] {spark_submit.py:649} INFO - 24/10/21 22:02:56 INFO DAGScheduler: Parents of final stage: List()
[2024-10-21T22:02:56.919+0000] {spark_submit.py:649} INFO - 24/10/21 22:02:56 INFO DAGScheduler: Missing parents: List()
[2024-10-21T22:02:56.920+0000] {spark_submit.py:649} INFO - 24/10/21 22:02:56 INFO DAGScheduler: Submitting ResultStage 0 (MapPartitionsRDD[3] at json at NativeMethodAccessorImpl.java:0), which has no missing parents
[2024-10-21T22:02:56.968+0000] {spark_submit.py:649} INFO - 24/10/21 22:02:56 INFO MemoryStore: Block broadcast_1 stored as values in memory (estimated size 16.6 KiB, free 2.2 GiB)
[2024-10-21T22:02:56.970+0000] {spark_submit.py:649} INFO - 24/10/21 22:02:56 INFO MemoryStore: Block broadcast_1_piece0 stored as bytes in memory (estimated size 7.8 KiB, free 2.2 GiB)
[2024-10-21T22:02:56.970+0000] {spark_submit.py:649} INFO - 24/10/21 22:02:56 INFO BlockManagerInfo: Added broadcast_1_piece0 in memory on 5d928305651e:43115 (size: 7.8 KiB, free: 2.2 GiB)
[2024-10-21T22:02:56.971+0000] {spark_submit.py:649} INFO - 24/10/21 22:02:56 INFO SparkContext: Created broadcast 1 from broadcast at DAGScheduler.scala:1585
[2024-10-21T22:02:56.977+0000] {spark_submit.py:649} INFO - 24/10/21 22:02:56 INFO DAGScheduler: Submitting 1 missing tasks from ResultStage 0 (MapPartitionsRDD[3] at json at NativeMethodAccessorImpl.java:0) (first 15 tasks are for partitions Vector(0))
[2024-10-21T22:02:56.979+0000] {spark_submit.py:649} INFO - 24/10/21 22:02:56 INFO TaskSchedulerImpl: Adding task set 0.0 with 1 tasks resource profile 0
[2024-10-21T22:02:56.991+0000] {spark_submit.py:649} INFO - 24/10/21 22:02:56 INFO TaskSetManager: Starting task 0.0 in stage 0.0 (TID 0) (172.18.0.5, executor 0, partition 0, PROCESS_LOCAL, 9609 bytes)
[2024-10-21T22:07:14.776+0000] {local_task_job_runner.py:127} ERROR - Received SIGTERM. Terminating subprocesses
[2024-10-21T22:07:14.783+0000] {process_utils.py:132} INFO - Sending 15 to group 23. PIDs of all processes in the group: [25, 83, 23]
[2024-10-21T22:07:14.784+0000] {process_utils.py:87} INFO - Sending the signal 15 to group 23
[2024-10-21T22:07:14.786+0000] {taskinstance.py:3092} ERROR - Received SIGTERM. Terminating subprocesses.
[2024-10-21T22:07:14.791+0000] {spark_submit.py:775} INFO - Sending kill signal to spark-submit
[2024-10-21T22:07:14.792+0000] {process_utils.py:80} INFO - Process psutil.Process(pid=83, status='terminated', started='22:02:51') (83) terminated with exit code None
[2024-10-21T22:07:14.813+0000] {taskinstance.py:3310} ERROR - Task failed with exception
Traceback (most recent call last):
  File "/home/airflow/.local/lib/python3.8/site-packages/airflow/models/taskinstance.py", line 762, in _execute_task
    result = _execute_callable(context=context, **execute_callable_kwargs)
  File "/home/airflow/.local/lib/python3.8/site-packages/airflow/models/taskinstance.py", line 733, in _execute_callable
    return ExecutionCallableRunner(
  File "/home/airflow/.local/lib/python3.8/site-packages/airflow/utils/operator_helpers.py", line 252, in run
    return self.func(*args, **kwargs)
  File "/home/airflow/.local/lib/python3.8/site-packages/airflow/models/baseoperator.py", line 406, in wrapper
    return func(self, *args, **kwargs)
  File "/home/airflow/.local/lib/python3.8/site-packages/airflow/providers/apache/spark/operators/spark_submit.py", line 176, in execute
    self._hook.submit(self.application)
  File "/home/airflow/.local/lib/python3.8/site-packages/airflow/providers/apache/spark/hooks/spark_submit.py", line 563, in submit
    self._process_spark_submit_log(iter(self._submit_sp.stdout))  # type: ignore
  File "/home/airflow/.local/lib/python3.8/site-packages/airflow/providers/apache/spark/hooks/spark_submit.py", line 612, in _process_spark_submit_log
    for line in itr:
  File "/home/airflow/.local/lib/python3.8/site-packages/airflow/models/taskinstance.py", line 3094, in signal_handler
    raise AirflowTaskTerminated("Task received SIGTERM signal")
airflow.exceptions.AirflowTaskTerminated: Task received SIGTERM signal
[2024-10-21T22:07:14.826+0000] {taskinstance.py:1225} INFO - Marking task as FAILED. dag_id=newsapi_etl_with_spark, task_id=spark_submit_task, run_id=scheduled__2024-10-20T00:00:00+00:00, execution_date=20241020T000000, start_date=20241021T220251, end_date=20241021T220714
[2024-10-21T22:07:14.854+0000] {taskinstance.py:340} INFO - ::group::Post task execution logs
[2024-10-21T22:07:14.892+0000] {process_utils.py:80} INFO - Process psutil.Process(pid=25, status='terminated', started='22:02:50') (25) terminated with exit code None
[2024-10-21T22:07:14.892+0000] {process_utils.py:80} INFO - Process psutil.Process(pid=23, status='terminated', exitcode=2, started='22:02:50') (23) terminated with exit code 2
[2024-10-21T22:07:14.893+0000] {local_task_job_runner.py:266} INFO - Task exited with return code 143
[2024-10-21T22:07:14.919+0000] {taskinstance.py:3900} INFO - 0 downstream tasks scheduled from follow-on schedule check
